<?xml version="1.0" encoding="UTF-8"?>
<testng-results ignored="0" total="2" passed="2" failed="0" skipped="0">
  <reporter-output>
  </reporter-output>
  <suite started-at="2023-04-21T20:14:15 IST" name="Suite" finished-at="2023-04-21T20:14:43 IST" duration-ms="27369">
    <groups>
    </groups>
    <test started-at="2023-04-21T20:14:15 IST" name="EdgeTest" finished-at="2023-04-21T20:14:42 IST" duration-ms="26981">
      <class name="TestNG.TestClassNG">
        <test-method is-config="true" signature="openBrowser(java.lang.String)[pri:0, instance:TestNG.TestClassNG@5e0826e7]" started-at="2023-04-21T20:14:15 IST" name="openBrowser" finished-at="2023-04-21T20:14:20 IST" duration-ms="5083" status="PASS">
          <params>
            <param index="0">
              <value>
                <![CDATA[Edge]]>
              </value>
            </param>
          </params>
          <reporter-output>
          </reporter-output>
        </test-method> <!-- openBrowser -->
        <test-method is-config="true" signature="createPOMObjects()[pri:0, instance:TestNG.TestClassNG@5e0826e7]" started-at="2023-04-21T20:14:20 IST" name="createPOMObjects" finished-at="2023-04-21T20:14:20 IST" duration-ms="74" status="PASS">
          <reporter-output>
          </reporter-output>
        </test-method> <!-- createPOMObjects -->
        <test-method is-config="true" signature="goToGetStarted()[pri:0, instance:TestNG.TestClassNG@5e0826e7]" started-at="2023-04-21T20:14:20 IST" name="goToGetStarted" finished-at="2023-04-21T20:14:24 IST" duration-ms="3364" status="PASS">
          <reporter-output>
          </reporter-output>
        </test-method> <!-- goToGetStarted -->
        <test-method signature="verifyInsurance()[pri:1, instance:TestNG.TestClassNG@5e0826e7]" started-at="2023-04-21T20:14:24 IST" name="verifyInsurance" finished-at="2023-04-21T20:14:42 IST" duration-ms="17893" status="PASS">
          <reporter-output>
          </reporter-output>
        </test-method> <!-- verifyInsurance -->
        <test-method is-config="true" signature="afterMethod()[pri:0, instance:TestNG.TestClassNG@5e0826e7]" started-at="2023-04-21T20:14:42 IST" name="afterMethod" finished-at="2023-04-21T20:14:42 IST" duration-ms="0" status="PASS">
          <reporter-output>
          </reporter-output>
        </test-method> <!-- afterMethod -->
        <test-method is-config="true" signature="clearObjects()[pri:0, instance:TestNG.TestClassNG@5e0826e7]" started-at="2023-04-21T20:14:42 IST" name="clearObjects" finished-at="2023-04-21T20:14:42 IST" duration-ms="0" status="PASS">
          <reporter-output>
          </reporter-output>
        </test-method> <!-- clearObjects -->
        <test-method is-config="true" signature="afterTest()[pri:0, instance:TestNG.TestClassNG@5e0826e7]" started-at="2023-04-21T20:14:42 IST" name="afterTest" finished-at="2023-04-21T20:14:42 IST" duration-ms="460" status="PASS">
          <reporter-output>
          </reporter-output>
        </test-method> <!-- afterTest -->
      </class> <!-- TestNG.TestClassNG -->
    </test> <!-- EdgeTest -->
    <test started-at="2023-04-21T20:14:15 IST" name="ChromeTest" finished-at="2023-04-21T20:14:43 IST" duration-ms="27369">
      <class name="TestNG.TestClassNG">
        <test-method is-config="true" signature="openBrowser(java.lang.String)[pri:0, instance:TestNG.TestClassNG@4f209819]" started-at="2023-04-21T20:14:15 IST" name="openBrowser" finished-at="2023-04-21T20:14:21 IST" duration-ms="5459" status="PASS">
          <params>
            <param index="0">
              <value>
                <![CDATA[Chrome]]>
              </value>
            </param>
          </params>
          <reporter-output>
          </reporter-output>
        </test-method> <!-- openBrowser -->
        <test-method is-config="true" signature="createPOMObjects()[pri:0, instance:TestNG.TestClassNG@4f209819]" started-at="2023-04-21T20:14:21 IST" name="createPOMObjects" finished-at="2023-04-21T20:14:21 IST" duration-ms="3" status="PASS">
          <reporter-output>
          </reporter-output>
        </test-method> <!-- createPOMObjects -->
        <test-method is-config="true" signature="goToGetStarted()[pri:0, instance:TestNG.TestClassNG@4f209819]" started-at="2023-04-21T20:14:21 IST" name="goToGetStarted" finished-at="2023-04-21T20:14:24 IST" duration-ms="3504" status="PASS">
          <reporter-output>
          </reporter-output>
        </test-method> <!-- goToGetStarted -->
        <test-method signature="verifyInsurance()[pri:1, instance:TestNG.TestClassNG@4f209819]" started-at="2023-04-21T20:14:24 IST" name="verifyInsurance" finished-at="2023-04-21T20:14:42 IST" duration-ms="18121" status="PASS">
          <reporter-output>
          </reporter-output>
        </test-method> <!-- verifyInsurance -->
        <test-method is-config="true" signature="afterMethod()[pri:0, instance:TestNG.TestClassNG@4f209819]" started-at="2023-04-21T20:14:42 IST" name="afterMethod" finished-at="2023-04-21T20:14:42 IST" duration-ms="1" status="PASS">
          <reporter-output>
          </reporter-output>
        </test-method> <!-- afterMethod -->
        <test-method is-config="true" signature="clearObjects()[pri:0, instance:TestNG.TestClassNG@4f209819]" started-at="2023-04-21T20:14:42 IST" name="clearObjects" finished-at="2023-04-21T20:14:42 IST" duration-ms="0" status="PASS">
          <reporter-output>
          </reporter-output>
        </test-method> <!-- clearObjects -->
        <test-method is-config="true" signature="afterTest()[pri:0, instance:TestNG.TestClassNG@4f209819]" started-at="2023-04-21T20:14:42 IST" name="afterTest" finished-at="2023-04-21T20:14:43 IST" duration-ms="267" status="PASS">
          <reporter-output>
          </reporter-output>
        </test-method> <!-- afterTest -->
      </class> <!-- TestNG.TestClassNG -->
    </test> <!-- ChromeTest -->
  </suite> <!-- Suite -->
</testng-results>
